2022/04/18 11:09:50 LookupImpl: Unknown invoke implementation (type *ssa.UnOp): got *t0.func (context.Context).Done() <-chan struct{}
	/usr/lib/go/src/context/context.go:251:10
{"level":"warn","ts":1650276590.267803,"caller":"migoinfer/instr.go:494","msg":"instr Cannot find method invoke t2.Done() for invoke call: Unknown implementation of interface interface{Deadline() (deadline time.Time, ok bool); Done() <-chan struct{}; Err() error; Value(key any) any}: *t0 (type: context.Context)\n\tMeth: func (context.Context).Done() <-chan struct{}\n\tImpl: t2:context.Context"}
{"level":"warn","ts":1650276590.267849,"caller":"migoinfer/migo.go:181","msg":"instr Channel t3/Undefined_10265 unavail. in current scope (unexported)\n\t/usr/lib/go/src/context/context.go:251:21"}
2022/04/18 11:09:50 LookupImpl: Unknown invoke implementation (type *ssa.UnOp): got *t0.func (context.Context).Err() error
	/usr/lib/go/src/context/context.go:259:23
{"level":"warn","ts":1650276590.2678902,"caller":"migoinfer/instr.go:494","msg":"instr Cannot find method invoke t10.Err() for invoke call: Unknown implementation of interface interface{Deadline() (deadline time.Time, ok bool); Done() <-chan struct{}; Err() error; Value(key any) any}: *t0 (type: context.Context)\n\tMeth: func (context.Context).Err() error\n\tImpl: t10:context.Context"}
2022/04/18 11:09:50 LookupImpl: Unknown invoke implementation (type *ssa.UnOp): got *t1.func (context.canceler).cancel(removeFromParent bool, err error)
	/usr/lib/go/src/context/context.go:259:3
{"level":"warn","ts":1650276590.267927,"caller":"migoinfer/instr.go:494","msg":"instr Cannot find method invoke t9.cancel(false:bool, t11) for invoke call: Unknown implementation of interface interface{Done() <-chan struct{}; cancel(removeFromParent bool, err error)}: *t1 (type: context.canceler)\n\tMeth: func (context.canceler).cancel(removeFromParent bool, err error)\n\tImpl: t9:context.canceler"}
{"level":"warn","ts":1650276590.2679937,"caller":"migoinfer/instr.go:494","msg":"instr Cannot find method invoke parent.Done() for invoke call: interface method is abstract\n\tMeth: func (context.Context).Done() <-chan struct{}\n\tImpl: parent:context.Context"}
{"level":"warn","ts":1650276590.2680283,"caller":"migoinfer/instr.go:494","msg":"instr Cannot find method invoke parent.Value(t3) for invoke call: interface method is abstract\n\tMeth: func (context.Context).Value(key any) any\n\tImpl: parent:context.Context"}
2022/04/18 11:09:50 LookupImpl: Unknown invoke implementation (type *ssa.UnOp): got *t1.func (context.canceler).cancel(removeFromParent bool, err error)
	/usr/lib/go/src/context/context.go:268:4
{"level":"warn","ts":1650276590.2682662,"caller":"migoinfer/instr.go:494","msg":"instr Cannot find method invoke t24.cancel(false:bool, t26) for invoke call: Unknown implementation of interface interface{Done() <-chan struct{}; cancel(removeFromParent bool, err error)}: *t1 (type: context.canceler)\n\tMeth: func (context.canceler).cancel(removeFromParent bool, err error)\n\tImpl: t24:context.canceler"}
2022/04/18 11:09:50 LookupImpl: Unknown invoke implementation (type *ssa.UnOp): got *parent.func (context.Context).Done() <-chan struct{}
	/usr/lib/go/src/context/context.go:280:11
{"level":"warn","ts":1650276590.2684436,"caller":"migoinfer/instr.go:494","msg":"instr Cannot find method invoke t0.Done() for invoke call: Unknown implementation of interface interface{Deadline() (deadline time.Time, ok bool); Done() <-chan struct{}; Err() error; Value(key any) any}: *parent (type: context.Context)\n\tMeth: func (context.Context).Done() <-chan struct{}\n\tImpl: t0:context.Context"}
2022/04/18 11:09:50 LookupImpl: Unknown invoke implementation (type *ssa.UnOp): got *child.func (context.canceler).Done() <-chan struct{}
	/usr/lib/go/src/context/context.go:282:11
{"level":"warn","ts":1650276590.2684748,"caller":"migoinfer/instr.go:494","msg":"instr Cannot find method invoke t2.Done() for invoke call: Unknown implementation of interface interface{Done() <-chan struct{}; cancel(removeFromParent bool, err error)}: *child (type: context.canceler)\n\tMeth: func (context.canceler).Done() <-chan struct{}\n\tImpl: t2:context.canceler"}
{"level":"warn","ts":1650276590.2684972,"caller":"migoinfer/migo.go:181","msg":"instr Channel t1/Undefined_10821 unavail. in current scope (unexported)\n\t/usr/lib/go/src/context/context.go:280:22"}
{"level":"warn","ts":1650276590.2685122,"caller":"migoinfer/migo.go:181","msg":"instr Channel t3/Undefined_10883 unavail. in current scope (unexported)\n\t/usr/lib/go/src/context/context.go:282:21"}
2022/04/18 11:09:50 LookupImpl: Unknown invoke implementation (type *ssa.UnOp): got *parent.func (context.Context).Err() error
	/usr/lib/go/src/context/context.go:281:25
{"level":"warn","ts":1650276590.2685459,"caller":"migoinfer/instr.go:494","msg":"instr Cannot find method invoke t9.Err() for invoke call: Unknown implementation of interface interface{Deadline() (deadline time.Time, ok bool); Done() <-chan struct{}; Err() error; Value(key any) any}: *parent (type: context.Context)\n\tMeth: func (context.Context).Err() error\n\tImpl: t9:context.Context"}
2022/04/18 11:09:50 LookupImpl: Unknown invoke implementation (type *ssa.UnOp): got *child.func (context.canceler).cancel(removeFromParent bool, err error)
	/usr/lib/go/src/context/context.go:281:5
{"level":"warn","ts":1650276590.2685747,"caller":"migoinfer/instr.go:494","msg":"instr Cannot find method invoke t8.cancel(false:bool, t10) for invoke call: Unknown implementation of interface interface{Done() <-chan struct{}; cancel(removeFromParent bool, err error)}: *child (type: context.canceler)\n\tMeth: func (context.canceler).cancel(removeFromParent bool, err error)\n\tImpl: t8:context.canceler"}
{"level":"warn","ts":1650276590.2687,"caller":"migoinfer/instr.go:494","msg":"instr Cannot find method invoke ctx.Done() for invoke call: interface method is abstract\n\tMeth: func (context.Context).Done() <-chan struct{}\n\tImpl: ctx:context.Context"}
{"level":"warn","ts":1650276590.2687201,"caller":"migoinfer/migo.go:181","msg":"instr Channel t0/Undefined_778 unavail. in current scope (unexported)\n\t/home/jorge/Code/MIEI/10-Diss/bug-collection/bug-collection/cockroachdb#13755/main.go:25:12"}
{"level":"warn","ts":1650276590.2687345,"caller":"migoinfer/instr.go:494","msg":"instr Cannot find method invoke ctx.Err() for invoke call: interface method is abstract\n\tMeth: func (context.Context).Err() error\n\tImpl: ctx:context.Context"}
